<?xml version="1.0" encoding="UTF-8"?>
<testsuite name="ru.stqa.sandbox.SquareTests" tests="1" skipped="0" failures="0" errors="0" timestamp="2022-05-01T20:11:14" hostname="LAPTOP-7H97OJJE" time="0.0">
  <properties/>
  <testcase name="testArea" classname="ru.stqa.sandbox.SquareTests" time="0.0"/>
  <system-out><![CDATA[]]></system-out>
  <system-err><![CDATA[]]></system-err>
</testsuite>
